{
  "stats": {
    "suites": 1,
    "tests": 3,
    "passes": 2,
    "pending": 0,
    "failures": 1,
    "start": "2023-04-27T08:36:54.199Z",
    "end": "2023-04-27T08:37:22.353Z",
    "duration": 28154,
    "testsRegistered": 3,
    "passPercent": 66.66666666666666,
    "pendingPercent": 0,
    "other": 0,
    "hasOther": false,
    "skipped": 0,
    "hasSkipped": false
  },
  "results": [
    {
      "uuid": "4a82130a-8b62-4c78-88d4-a8e836b8f738",
      "title": "",
      "fullFile": "cypress\\e2e\\ParaBankTest\\Login.cy.js",
      "file": "cypress\\e2e\\ParaBankTest\\Login.cy.js",
      "beforeHooks": [],
      "afterHooks": [],
      "tests": [],
      "suites": [
        {
          "uuid": "b98df0fe-7aeb-4067-a349-163c9109bac8",
          "title": "Login Of ParaBank User",
          "fullFile": "",
          "file": "",
          "beforeHooks": [],
          "afterHooks": [],
          "tests": [
            {
              "title": " User is able to Login with Correct Credentials",
              "fullTitle": "Login Of ParaBank User  User is able to Login with Correct Credentials",
              "timedOut": null,
              "duration": 9248,
              "state": "passed",
              "speed": "medium",
              "pass": true,
              "fail": false,
              "pending": false,
              "context": null,
              "code": "//use data from fixture file\ncy.fixture('Login.json').then(log => {\n  const login = new _Login.default();\n  //Enter Credentials for Login\n  login.setUserName(log.username);\n  login.setPassword(log.password);\n  //Click on Login Button\n  login.clickLogin();\n  //validate sucess Login after Weclome is visible\n  login.validateLoginWithWelcome();\n});",
              "err": {},
              "uuid": "1e20626d-a4f7-4d26-8ba3-decaf8ac804a",
              "parentUUID": "b98df0fe-7aeb-4067-a349-163c9109bac8",
              "isHook": false,
              "skipped": false
            },
            {
              "title": " User is able to Login with Incorrect Credentials",
              "fullTitle": "Login Of ParaBank User  User is able to Login with Incorrect Credentials",
              "timedOut": null,
              "duration": 10151,
              "state": "failed",
              "speed": null,
              "pass": false,
              "fail": true,
              "pending": false,
              "context": null,
              "code": "//use data from fixture file\ncy.fixture('Login.json').then(log => {\n  const login = new _Login.default();\n  //Enter Credentials for Login\n  login.setUserName(\"abc\");\n  login.setPassword(\"abc\");\n  //Click on Login Button\n  login.clickLogin();\n  //validate user is home page because credentials are incorrect\n  login.validateLoginWithWelcome();\n});",
              "err": {
                "message": "AssertionError: Timed out retrying after 4000ms: Expected to find element: `.smallText > b`, but never found it.",
                "estack": "AssertionError: Timed out retrying after 4000ms: Expected to find element: `.smallText > b`, but never found it.\n    at Login.validateLoginWithWelcome (webpack:///./cypress/e2e/ParaBankPOM/Login.js:23:44)\n    at Context.eval (webpack:///./cypress/e2e/ParaBankTest/Login.cy.js:45:18)",
                "diff": null
              },
              "uuid": "6bbb3603-a670-4cc0-b6c5-ce0bb7491774",
              "parentUUID": "b98df0fe-7aeb-4067-a349-163c9109bac8",
              "isHook": false,
              "skipped": false
            },
            {
              "title": "User is not able to Login with Empty Fields.",
              "fullTitle": "Login Of ParaBank User User is not able to Login with Empty Fields.",
              "timedOut": null,
              "duration": 4911,
              "state": "passed",
              "speed": "fast",
              "pass": true,
              "fail": false,
              "pending": false,
              "context": null,
              "code": "//use data from fixture file\ncy.fixture('Login.json').then(log => {\n  const login = new _Login.default();\n  //Click on Login Button\n  login.clickLogin();\n  //validate user is home page because input fields are empty\n  login.validateIncorrectLogin();\n});",
              "err": {},
              "uuid": "83c8b936-b862-483f-853b-a286c5d1fe72",
              "parentUUID": "b98df0fe-7aeb-4067-a349-163c9109bac8",
              "isHook": false,
              "skipped": false
            }
          ],
          "suites": [],
          "passes": [
            "1e20626d-a4f7-4d26-8ba3-decaf8ac804a",
            "83c8b936-b862-483f-853b-a286c5d1fe72"
          ],
          "failures": [
            "6bbb3603-a670-4cc0-b6c5-ce0bb7491774"
          ],
          "pending": [],
          "skipped": [],
          "duration": 24310,
          "root": false,
          "rootEmpty": false,
          "_timeout": 2000
        }
      ],
      "passes": [],
      "failures": [],
      "pending": [],
      "skipped": [],
      "duration": 0,
      "root": true,
      "rootEmpty": true,
      "_timeout": 2000
    }
  ],
  "meta": {
    "mocha": {
      "version": "7.0.1"
    },
    "mochawesome": {
      "options": {
        "quiet": false,
        "reportFilename": "report",
        "saveHtml": true,
        "saveJson": true,
        "consoleReporter": "spec",
        "useInlineDiffs": false,
        "code": true
      },
      "version": "7.1.3"
    },
    "marge": {
      "options": {
        "reportDir": "cypress/reports",
        "reportFilename": "report",
        "charts": true,
        "overwrite": false,
        "html": true,
        "json": true
      },
      "version": "6.2.0"
    }
  }
}