{
  "stats": {
    "suites": 1,
    "tests": 6,
    "passes": 6,
    "pending": 0,
    "failures": 0,
    "start": "2023-04-27T07:15:36.972Z",
    "end": "2023-04-27T07:16:07.473Z",
    "duration": 30501,
    "testsRegistered": 6,
    "passPercent": 100,
    "pendingPercent": 0,
    "other": 0,
    "hasOther": false,
    "skipped": 0,
    "hasSkipped": false
  },
  "results": [
    {
      "uuid": "0c438c62-9209-4dd6-8aa3-63ecd9a0d5fc",
      "title": "",
      "fullFile": "cypress\\e2e\\ParaBankTest\\RedirectableLinks.cy.js",
      "file": "cypress\\e2e\\ParaBankTest\\RedirectableLinks.cy.js",
      "beforeHooks": [],
      "afterHooks": [],
      "tests": [],
      "suites": [
        {
          "uuid": "46d4f591-4cb1-470d-ba06-a43625dbd022",
          "title": "Redirectable Links",
          "fullFile": "",
          "file": "",
          "beforeHooks": [],
          "afterHooks": [],
          "tests": [
            {
              "title": "Test that \"www.parasoft.com\" link is Redirectable or not available in About US Page",
              "fullTitle": "Redirectable Links Test that \"www.parasoft.com\" link is Redirectable or not available in About US Page",
              "timedOut": null,
              "duration": 4196,
              "state": "passed",
              "speed": "fast",
              "pass": true,
              "fail": false,
              "pending": false,
              "context": null,
              "code": "const red = new _RedirectableLinks.default();\n//Click on About Us Link\nred.clickAboutUsLink();\n//Validate title of page means if  title includes about us text then we can log that link is redirectale\nred.validateAboutUsLink();",
              "err": {},
              "uuid": "3dd72a67-2994-4d63-ab77-cb851d97bfe5",
              "parentUUID": "46d4f591-4cb1-470d-ba06-a43625dbd022",
              "isHook": false,
              "skipped": false
            },
            {
              "title": "Test that \"BookStore\" links href link is working or not",
              "fullTitle": "Redirectable Links Test that \"BookStore\" links href link is working or not",
              "timedOut": null,
              "duration": 4078,
              "state": "passed",
              "speed": "fast",
              "pass": true,
              "fail": false,
              "pending": false,
              "context": null,
              "code": "const red = new _RedirectableLinks.default();\n//Click on Services Link of Home Page\nred.clickServicesLink();\n//check whether BooKStore link is working or not\nred.validateBookStoreLink();",
              "err": {},
              "uuid": "d800e042-f339-49be-8f05-983a5007de05",
              "parentUUID": "46d4f591-4cb1-470d-ba06-a43625dbd022",
              "isHook": false,
              "skipped": false
            },
            {
              "title": "Test that \"LoanProcessorService\" href link is working or not",
              "fullTitle": "Redirectable Links Test that \"LoanProcessorService\" href link is working or not",
              "timedOut": null,
              "duration": 4276,
              "state": "passed",
              "speed": "fast",
              "pass": true,
              "fail": false,
              "pending": false,
              "context": null,
              "code": "const red = new _RedirectableLinks.default();\n//Click on Services Link of Home Page\nred.clickServicesLink();\n//check whether Loan Processor link is working or not\nred.validateLoanProcessorLink();",
              "err": {},
              "uuid": "4b31ae5c-074e-40e1-9e8d-73ef6b3d3e1c",
              "parentUUID": "46d4f591-4cb1-470d-ba06-a43625dbd022",
              "isHook": false,
              "skipped": false
            },
            {
              "title": "Test that \"ParaBankService\" href link is working or not",
              "fullTitle": "Redirectable Links Test that \"ParaBankService\" href link is working or not",
              "timedOut": null,
              "duration": 3228,
              "state": "passed",
              "speed": "fast",
              "pass": true,
              "fail": false,
              "pending": false,
              "context": null,
              "code": "const red = new _RedirectableLinks.default();\n//Click on Services Link of Home Page\nred.clickServicesLink();\n//check whether ParaBankService link is working or not\nred.validateParaBankServiceLink();",
              "err": {},
              "uuid": "8d61c749-5a43-4d5d-88c7-3d6606e1e868",
              "parentUUID": "46d4f591-4cb1-470d-ba06-a43625dbd022",
              "isHook": false,
              "skipped": false
            },
            {
              "title": "Test that \"WADL\" href link is working or not",
              "fullTitle": "Redirectable Links Test that \"WADL\" href link is working or not",
              "timedOut": null,
              "duration": 4890,
              "state": "passed",
              "speed": "fast",
              "pass": true,
              "fail": false,
              "pending": false,
              "context": null,
              "code": "const red = new _RedirectableLinks.default();\n//Click on Services Link of Home Page\nred.clickServicesLink();\n//check whether WADL link is working or not\nred.validateWADLLink();",
              "err": {},
              "uuid": "dcd2a5f4-c5e2-46f9-876d-75dd655b55a9",
              "parentUUID": "46d4f591-4cb1-470d-ba06-a43625dbd022",
              "isHook": false,
              "skipped": false
            },
            {
              "title": "Test that \"SWAGGER\" href link is working or not",
              "fullTitle": "Redirectable Links Test that \"SWAGGER\" href link is working or not",
              "timedOut": null,
              "duration": 4279,
              "state": "passed",
              "speed": "fast",
              "pass": true,
              "fail": false,
              "pending": false,
              "context": null,
              "code": "const red = new _RedirectableLinks.default();\n//Click on Services Link of Home Page\nred.clickServicesLink();\n//check whether SWAGGER link is working or not\nred.validateSwaggerLink();",
              "err": {},
              "uuid": "0935ffae-0788-41fc-97ad-707466c99b9f",
              "parentUUID": "46d4f591-4cb1-470d-ba06-a43625dbd022",
              "isHook": false,
              "skipped": false
            }
          ],
          "suites": [],
          "passes": [
            "3dd72a67-2994-4d63-ab77-cb851d97bfe5",
            "d800e042-f339-49be-8f05-983a5007de05",
            "4b31ae5c-074e-40e1-9e8d-73ef6b3d3e1c",
            "8d61c749-5a43-4d5d-88c7-3d6606e1e868",
            "dcd2a5f4-c5e2-46f9-876d-75dd655b55a9",
            "0935ffae-0788-41fc-97ad-707466c99b9f"
          ],
          "failures": [],
          "pending": [],
          "skipped": [],
          "duration": 24947,
          "root": false,
          "rootEmpty": false,
          "_timeout": 2000
        }
      ],
      "passes": [],
      "failures": [],
      "pending": [],
      "skipped": [],
      "duration": 0,
      "root": true,
      "rootEmpty": true,
      "_timeout": 2000
    }
  ],
  "meta": {
    "mocha": {
      "version": "7.0.1"
    },
    "mochawesome": {
      "options": {
        "quiet": false,
        "reportFilename": "report",
        "saveHtml": true,
        "saveJson": true,
        "consoleReporter": "spec",
        "useInlineDiffs": false,
        "code": true
      },
      "version": "7.1.3"
    },
    "marge": {
      "options": {
        "reportDir": "cypress/reports",
        "reportFilename": "report",
        "charts": true,
        "overwrite": false,
        "html": true,
        "json": true
      },
      "version": "6.2.0"
    }
  }
}