{
  "stats": {
    "suites": 1,
    "tests": 3,
    "passes": 2,
    "pending": 0,
    "failures": 1,
    "start": "2023-04-27T08:32:37.053Z",
    "end": "2023-04-27T08:33:08.721Z",
    "duration": 31668,
    "testsRegistered": 3,
    "passPercent": 66.66666666666666,
    "pendingPercent": 0,
    "other": 0,
    "hasOther": false,
    "skipped": 0,
    "hasSkipped": false
  },
  "results": [
    {
      "uuid": "0f62a5f5-5af6-446a-b633-d045ce9008ec",
      "title": "",
      "fullFile": "cypress\\e2e\\ParaBankTest\\Register.cy.js",
      "file": "cypress\\e2e\\ParaBankTest\\Register.cy.js",
      "beforeHooks": [],
      "afterHooks": [],
      "tests": [],
      "suites": [
        {
          "uuid": "cf65ab44-6afc-43e8-8dff-0a2abdc98024",
          "title": "Registration Of ParaBank User",
          "fullFile": "",
          "file": "",
          "beforeHooks": [],
          "afterHooks": [],
          "tests": [
            {
              "title": "User is able to Register by Entering Correct Details",
              "fullTitle": "Registration Of ParaBank User User is able to Register by Entering Correct Details",
              "timedOut": null,
              "duration": 11381,
              "state": "passed",
              "speed": "slow",
              "pass": true,
              "fail": false,
              "pending": false,
              "context": null,
              "code": "//use data from fixture file\ncy.fixture('Register.json').then(reg => {\n  const register = new _Register.default();\n  //Click on Register Button on Home Page\n  register.ClickRegisterButtonHome();\n  //Enter the Details for registration\n  register.setFirstName(reg.firstname);\n  register.setLastName(reg.lastname);\n  register.setAddress(reg.address);\n  register.setCity(reg.city);\n  register.setState(reg.state);\n  register.setZipCode(reg.zipcode);\n  register.setPhoneNumber(reg.phonenumber);\n  register.setSSN(reg.ssn);\n  register.setUserName(reg.username);\n  register.setPassword(reg.password);\n  register.setRepeatedPassword(reg.rpassword);\n  //Click in Register Button on register Page\n  register.ClickRegisterButton();\n  //Validate Account is registered Sucessfully or not\n  register.ValidateAfterSucessFullRegister();\n});",
              "err": {},
              "uuid": "98a30afe-6c80-4c76-82e1-b217a913ad32",
              "parentUUID": "cf65ab44-6afc-43e8-8dff-0a2abdc98024",
              "isHook": false,
              "skipped": false
            },
            {
              "title": "User is able to Register Without Entering SSN Number ",
              "fullTitle": "Registration Of ParaBank User User is able to Register Without Entering SSN Number ",
              "timedOut": null,
              "duration": 11877,
              "state": "failed",
              "speed": null,
              "pass": false,
              "fail": true,
              "pending": false,
              "context": null,
              "code": "//use data from fixture file\ncy.fixture('Register.json').then(reg => {\n  const register = new _Register.default();\n  //Click on Register Button on Home Page\n  register.ClickRegisterButtonHome();\n  //Enter the Details for registration\n  register.setFirstName(reg.firstname);\n  register.setLastName(reg.lastname);\n  register.setAddress(reg.address);\n  register.setCity(reg.city);\n  register.setState(reg.state);\n  register.setZipCode(reg.zipcode);\n  register.setPhoneNumber(reg.phonenumber);\n  register.setUserName(reg.username);\n  register.setPassword(reg.password);\n  register.setRepeatedPassword(reg.rpassword);\n  //Click in Register Button on register Page\n  register.ClickRegisterButton();\n  //Validate that ssn error is visible\n  register.ValidateSSNErrors();\n});",
              "err": {
                "message": "AssertionError: Timed out retrying after 4000ms: expected '<p>' to have text 'Your account was created successfully. You are now logged in.', but the text was 'If you have an account with us you can sign-up for free instant online access. You will have to provide some personal information.'",
                "estack": "AssertionError: Timed out retrying after 4000ms: expected '<p>' to have text 'Your account was created successfully. You are now logged in.', but the text was 'If you have an account with us you can sign-up for free instant online access. You will have to provide some personal information.'\n    at Register.ValidateSSNErrors (webpack:///./cypress/e2e/ParaBankPOM/Register.js:77:38)\n    at Context.eval (webpack:///./cypress/e2e/ParaBankTest/Register.cy.js:68:21)",
                "diff": "- 'If you have an account with us you can sign-up for free instant online access. You will have to provide some personal information.'\n+ 'Your account was created successfully. You are now logged in.'\n"
              },
              "uuid": "0ca7f518-a21a-4482-bdee-2e67abc9fe89",
              "parentUUID": "cf65ab44-6afc-43e8-8dff-0a2abdc98024",
              "isHook": false,
              "skipped": false
            },
            {
              "title": "User is not able to Register Using Empty Fields ",
              "fullTitle": "Registration Of ParaBank User User is not able to Register Using Empty Fields ",
              "timedOut": null,
              "duration": 5244,
              "state": "passed",
              "speed": "medium",
              "pass": true,
              "fail": false,
              "pending": false,
              "context": null,
              "code": "const register = new _Register.default();\n//Click on Register Button on Home Page\nregister.ClickRegisterButtonHome();\n//Click in Register Button on register Page\nregister.ClickRegisterButton();\n//Validating that User is on Register Page\nregister.ValidateEmptyFields();",
              "err": {},
              "uuid": "910fcebe-3fd7-416a-86ca-ea62ac01d850",
              "parentUUID": "cf65ab44-6afc-43e8-8dff-0a2abdc98024",
              "isHook": false,
              "skipped": false
            }
          ],
          "suites": [],
          "passes": [
            "98a30afe-6c80-4c76-82e1-b217a913ad32",
            "910fcebe-3fd7-416a-86ca-ea62ac01d850"
          ],
          "failures": [
            "0ca7f518-a21a-4482-bdee-2e67abc9fe89"
          ],
          "pending": [],
          "skipped": [],
          "duration": 28502,
          "root": false,
          "rootEmpty": false,
          "_timeout": 2000
        }
      ],
      "passes": [],
      "failures": [],
      "pending": [],
      "skipped": [],
      "duration": 0,
      "root": true,
      "rootEmpty": true,
      "_timeout": 2000
    }
  ],
  "meta": {
    "mocha": {
      "version": "7.0.1"
    },
    "mochawesome": {
      "options": {
        "quiet": false,
        "reportFilename": "report",
        "saveHtml": true,
        "saveJson": true,
        "consoleReporter": "spec",
        "useInlineDiffs": false,
        "code": true
      },
      "version": "7.1.3"
    },
    "marge": {
      "options": {
        "reportDir": "cypress/reports",
        "reportFilename": "report",
        "charts": true,
        "overwrite": false,
        "html": true,
        "json": true
      },
      "version": "6.2.0"
    }
  }
}